[33mWARNING:[0m seccomp requested but not enabled, seccomp library is missing or too old
[INFO] Installing Dataset(/home/nlo/scripts/abide-pydra/download/RawDataBIDS) to get /home/nlo/scripts/abide-pydra/download/RawDataBIDS recursively 
[INFO] Cloning dataset to Dataset(/home/nlo/scripts/abide-pydra/download/RawDataBIDS/CMU_a) 
[INFO] Attempting to clone from http://datasets.datalad.org/abide/RawDataBIDS/CMU_a/.git to /home/nlo/scripts/abide-pydra/download/RawDataBIDS/CMU_a 
[INFO] Start enumerating objects 
[INFO] Start counting objects 
[INFO] Start compressing objects 
[INFO] Start receiving objects 
[INFO] Start resolving deltas 
[INFO] Completed clone attempts for Dataset(/home/nlo/scripts/abide-pydra/download/RawDataBIDS/CMU_a) 
[INFO] Cloning dataset to Dataset(/home/nlo/scripts/abide-pydra/download/RawDataBIDS/CMU_b) 
[INFO] Attempting to clone from http://datasets.datalad.org/abide/RawDataBIDS/CMU_b/.git to /home/nlo/scripts/abide-pydra/download/RawDataBIDS/CMU_b 
[INFO] Start enumerating objects 
[INFO] Start counting objects 
[INFO] Start compressing objects 
[INFO] Start receiving objects 
[INFO] Start resolving deltas 
[INFO] Completed clone attempts for Dataset(/home/nlo/scripts/abide-pydra/download/RawDataBIDS/CMU_b) 
[INFO] Cloning dataset to Dataset(/home/nlo/scripts/abide-pydra/download/RawDataBIDS/Caltech) 
[INFO] Attempting to clone from http://datasets.datalad.org/abide/RawDataBIDS/Caltech/.git to /home/nlo/scripts/abide-pydra/download/RawDataBIDS/Caltech 
[INFO] Start enumerating objects 
[INFO] Start counting objects 
[INFO] Start compressing objects 
[INFO] Start receiving objects 
[INFO] Start resolving deltas 
[INFO] Start check out things 
[INFO] Completed clone attempts for Dataset(/home/nlo/scripts/abide-pydra/download/RawDataBIDS/Caltech) 
[INFO] Cloning dataset to Dataset(/home/nlo/scripts/abide-pydra/download/RawDataBIDS/KKI) 
[INFO] Attempting to clone from http://datasets.datalad.org/abide/RawDataBIDS/KKI/.git to /home/nlo/scripts/abide-pydra/download/RawDataBIDS/KKI 
[INFO] Start enumerating objects 
[INFO] Start counting objects 
[INFO] Start compressing objects 
[INFO] Start receiving objects 
[INFO] Start resolving deltas 
[INFO] Completed clone attempts for Dataset(/home/nlo/scripts/abide-pydra/download/RawDataBIDS/KKI) 
[INFO] Cloning dataset to Dataset(/home/nlo/scripts/abide-pydra/download/RawDataBIDS/Leuven_1) 
[INFO] Attempting to clone from http://datasets.datalad.org/abide/RawDataBIDS/Leuven_1/.git to /home/nlo/scripts/abide-pydra/download/RawDataBIDS/Leuven_1 
[INFO] Start enumerating objects 
[INFO] Start counting objects 
[INFO] Start compressing objects 
[INFO] Start receiving objects 
[INFO] Start resolving deltas 
[INFO] Completed clone attempts for Dataset(/home/nlo/scripts/abide-pydra/download/RawDataBIDS/Leuven_1) 
[INFO] Cloning dataset to Dataset(/home/nlo/scripts/abide-pydra/download/RawDataBIDS/Leuven_2) 
[INFO] Attempting to clone from http://datasets.datalad.org/abide/RawDataBIDS/Leuven_2/.git to /home/nlo/scripts/abide-pydra/download/RawDataBIDS/Leuven_2 
[INFO] Start enumerating objects 
[INFO] Start counting objects 
[INFO] Start compressing objects 
[INFO] Start receiving objects 
[INFO] Start resolving deltas 
[INFO] Completed clone attempts for Dataset(/home/nlo/scripts/abide-pydra/download/RawDataBIDS/Leuven_2) 
[INFO] Cloning dataset to Dataset(/home/nlo/scripts/abide-pydra/download/RawDataBIDS/MaxMun_a) 
[INFO] Attempting to clone from http://datasets.datalad.org/abide/RawDataBIDS/MaxMun_a/.git to /home/nlo/scripts/abide-pydra/download/RawDataBIDS/MaxMun_a 
[INFO] Start enumerating objects 
[INFO] Start counting objects 
[INFO] Start compressing objects 
[INFO] Start receiving objects 
[INFO] Start resolving deltas 
[INFO] Completed clone attempts for Dataset(/home/nlo/scripts/abide-pydra/download/RawDataBIDS/MaxMun_a) 
[INFO] Cloning dataset to Dataset(/home/nlo/scripts/abide-pydra/download/RawDataBIDS/MaxMun_b) 
[INFO] Attempting to clone from http://datasets.datalad.org/abide/RawDataBIDS/MaxMun_b/.git to /home/nlo/scripts/abide-pydra/download/RawDataBIDS/MaxMun_b 
[INFO] Start enumerating objects 
[INFO] Start counting objects 
[INFO] Start compressing objects 
[INFO] Start receiving objects 
[INFO] Start resolving deltas 
[INFO] Completed clone attempts for Dataset(/home/nlo/scripts/abide-pydra/download/RawDataBIDS/MaxMun_b) 
[INFO] Cloning dataset to Dataset(/home/nlo/scripts/abide-pydra/download/RawDataBIDS/MaxMun_c) 
[INFO] Attempting to clone from http://datasets.datalad.org/abide/RawDataBIDS/MaxMun_c/.git to /home/nlo/scripts/abide-pydra/download/RawDataBIDS/MaxMun_c 
[INFO] Start enumerating objects 
[INFO] Start counting objects 
[INFO] Start compressing objects 
[INFO] Start receiving objects 
[INFO] Start resolving deltas 
[INFO] Completed clone attempts for Dataset(/home/nlo/scripts/abide-pydra/download/RawDataBIDS/MaxMun_c) 
[INFO] Cloning dataset to Dataset(/home/nlo/scripts/abide-pydra/download/RawDataBIDS/MaxMun_d) 
[INFO] Attempting to clone from http://datasets.datalad.org/abide/RawDataBIDS/MaxMun_d/.git to /home/nlo/scripts/abide-pydra/download/RawDataBIDS/MaxMun_d 
[INFO] Start enumerating objects 
[INFO] Start counting objects 
[INFO] Start compressing objects 
[INFO] Start receiving objects 
[INFO] Start resolving deltas 
[INFO] Completed clone attempts for Dataset(/home/nlo/scripts/abide-pydra/download/RawDataBIDS/MaxMun_d) 
[INFO] Cloning dataset to Dataset(/home/nlo/scripts/abide-pydra/download/RawDataBIDS/NYU) 
[INFO] Attempting to clone from http://datasets.datalad.org/abide/RawDataBIDS/NYU/.git to /home/nlo/scripts/abide-pydra/download/RawDataBIDS/NYU 
[INFO] Start enumerating objects 
[INFO] Start counting objects 
[INFO] Start compressing objects 
[INFO] Start receiving objects 
[INFO] Start resolving deltas 
[INFO] Completed clone attempts for Dataset(/home/nlo/scripts/abide-pydra/download/RawDataBIDS/NYU) 
[INFO] Cloning dataset to Dataset(/home/nlo/scripts/abide-pydra/download/RawDataBIDS/OHSU) 
[INFO] Attempting to clone from http://datasets.datalad.org/abide/RawDataBIDS/OHSU/.git to /home/nlo/scripts/abide-pydra/download/RawDataBIDS/OHSU 
[INFO] Start enumerating objects 
[INFO] Start counting objects 
[INFO] Start compressing objects 
[INFO] Start receiving objects 
[INFO] Start resolving deltas 
[INFO] Completed clone attempts for Dataset(/home/nlo/scripts/abide-pydra/download/RawDataBIDS/OHSU) 
[INFO] Cloning dataset to Dataset(/home/nlo/scripts/abide-pydra/download/RawDataBIDS/Olin) 
[INFO] Attempting to clone from http://datasets.datalad.org/abide/RawDataBIDS/Olin/.git to /home/nlo/scripts/abide-pydra/download/RawDataBIDS/Olin 
[INFO] Start enumerating objects 
[INFO] Start counting objects 
[INFO] Start compressing objects 
[INFO] Start receiving objects 
[INFO] Start resolving deltas 
[INFO] Completed clone attempts for Dataset(/home/nlo/scripts/abide-pydra/download/RawDataBIDS/Olin) 
[INFO] Cloning dataset to Dataset(/home/nlo/scripts/abide-pydra/download/RawDataBIDS/Pitt) 
[INFO] Attempting to clone from http://datasets.datalad.org/abide/RawDataBIDS/Pitt/.git to /home/nlo/scripts/abide-pydra/download/RawDataBIDS/Pitt 
[INFO] Start enumerating objects 
[INFO] Start counting objects 
[INFO] Start compressing objects 
[INFO] Start receiving objects 
[INFO] Start resolving deltas 
[INFO] Completed clone attempts for Dataset(/home/nlo/scripts/abide-pydra/download/RawDataBIDS/Pitt) 
[INFO] Cloning dataset to Dataset(/home/nlo/scripts/abide-pydra/download/RawDataBIDS/SBL) 
[INFO] Attempting to clone from http://datasets.datalad.org/abide/RawDataBIDS/SBL/.git to /home/nlo/scripts/abide-pydra/download/RawDataBIDS/SBL 
[INFO] Start enumerating objects 
[INFO] Start counting objects 
[INFO] Start compressing objects 
[INFO] Start receiving objects 
[INFO] Start resolving deltas 
[INFO] Completed clone attempts for Dataset(/home/nlo/scripts/abide-pydra/download/RawDataBIDS/SBL) 
[INFO] Cloning dataset to Dataset(/home/nlo/scripts/abide-pydra/download/RawDataBIDS/SDSU) 
[INFO] Attempting to clone from http://datasets.datalad.org/abide/RawDataBIDS/SDSU/.git to /home/nlo/scripts/abide-pydra/download/RawDataBIDS/SDSU 
[INFO] Start enumerating objects 
[INFO] Start counting objects 
[INFO] Start compressing objects 
[INFO] Start receiving objects 
[INFO] Start resolving deltas 
[INFO] Completed clone attempts for Dataset(/home/nlo/scripts/abide-pydra/download/RawDataBIDS/SDSU) 
[INFO] Cloning dataset to Dataset(/home/nlo/scripts/abide-pydra/download/RawDataBIDS/Stanford) 
[INFO] Attempting to clone from http://datasets.datalad.org/abide/RawDataBIDS/Stanford/.git to /home/nlo/scripts/abide-pydra/download/RawDataBIDS/Stanford 
[INFO] Start enumerating objects 
[INFO] Start counting objects 
[INFO] Start compressing objects 
[INFO] Start receiving objects 
[INFO] Start resolving deltas 
[INFO] Completed clone attempts for Dataset(/home/nlo/scripts/abide-pydra/download/RawDataBIDS/Stanford) 
[INFO] Cloning dataset to Dataset(/home/nlo/scripts/abide-pydra/download/RawDataBIDS/Trinity) 
[INFO] Attempting to clone from http://datasets.datalad.org/abide/RawDataBIDS/Trinity/.git to /home/nlo/scripts/abide-pydra/download/RawDataBIDS/Trinity 
[INFO] Start enumerating objects 
[INFO] Start counting objects 
[INFO] Start compressing objects 
[INFO] Start receiving objects 
[INFO] Start resolving deltas 
[INFO] Completed clone attempts for Dataset(/home/nlo/scripts/abide-pydra/download/RawDataBIDS/Trinity) 
[INFO] Cloning dataset to Dataset(/home/nlo/scripts/abide-pydra/download/RawDataBIDS/UCLA_1) 
[INFO] Attempting to clone from http://datasets.datalad.org/abide/RawDataBIDS/UCLA_1/.git to /home/nlo/scripts/abide-pydra/download/RawDataBIDS/UCLA_1 
[INFO] Start enumerating objects 
[INFO] Start counting objects 
[INFO] Start compressing objects 
[INFO] Start receiving objects 
[INFO] Start resolving deltas 
[INFO] Completed clone attempts for Dataset(/home/nlo/scripts/abide-pydra/download/RawDataBIDS/UCLA_1) 
[INFO] Cloning dataset to Dataset(/home/nlo/scripts/abide-pydra/download/RawDataBIDS/UCLA_2) 
[INFO] Attempting to clone from http://datasets.datalad.org/abide/RawDataBIDS/UCLA_2/.git to /home/nlo/scripts/abide-pydra/download/RawDataBIDS/UCLA_2 
[INFO] Start enumerating objects 
[INFO] Start counting objects 
[INFO] Start compressing objects 
[INFO] Start receiving objects 
[INFO] Start resolving deltas 
[INFO] Completed clone attempts for Dataset(/home/nlo/scripts/abide-pydra/download/RawDataBIDS/UCLA_2) 
[INFO] Cloning dataset to Dataset(/home/nlo/scripts/abide-pydra/download/RawDataBIDS/UM_1) 
[INFO] Attempting to clone from http://datasets.datalad.org/abide/RawDataBIDS/UM_1/.git to /home/nlo/scripts/abide-pydra/download/RawDataBIDS/UM_1 
[INFO] Start enumerating objects 
[INFO] Start counting objects 
[INFO] Start compressing objects 
[INFO] Start receiving objects 
[INFO] Start resolving deltas 
[INFO] Completed clone attempts for Dataset(/home/nlo/scripts/abide-pydra/download/RawDataBIDS/UM_1) 
[INFO] Cloning dataset to Dataset(/home/nlo/scripts/abide-pydra/download/RawDataBIDS/UM_2) 
[INFO] Attempting to clone from http://datasets.datalad.org/abide/RawDataBIDS/UM_2/.git to /home/nlo/scripts/abide-pydra/download/RawDataBIDS/UM_2 
[INFO] Start enumerating objects 
[INFO] Start counting objects 
[INFO] Start compressing objects 
[INFO] Start receiving objects 
[INFO] Start resolving deltas 
[INFO] Completed clone attempts for Dataset(/home/nlo/scripts/abide-pydra/download/RawDataBIDS/UM_2) 
[INFO] Cloning dataset to Dataset(/home/nlo/scripts/abide-pydra/download/RawDataBIDS/USM) 
[INFO] Attempting to clone from http://datasets.datalad.org/abide/RawDataBIDS/USM/.git to /home/nlo/scripts/abide-pydra/download/RawDataBIDS/USM 
[INFO] Start enumerating objects 
[INFO] Start counting objects 
[INFO] Start compressing objects 
[INFO] Start receiving objects 
[INFO] Start resolving deltas 
[INFO] Completed clone attempts for Dataset(/home/nlo/scripts/abide-pydra/download/RawDataBIDS/USM) 
[INFO] Cloning dataset to Dataset(/home/nlo/scripts/abide-pydra/download/RawDataBIDS/Yale) 
[INFO] Attempting to clone from http://datasets.datalad.org/abide/RawDataBIDS/Yale/.git to /home/nlo/scripts/abide-pydra/download/RawDataBIDS/Yale 
[INFO] Start enumerating objects 
[INFO] Start counting objects 
[INFO] Start compressing objects 
[INFO] Start receiving objects 
[INFO] Start resolving deltas 
[INFO] Completed clone attempts for Dataset(/home/nlo/scripts/abide-pydra/download/RawDataBIDS/Yale) 
[WARNING] Running get resulted in stderr output: download failed: .git/annex/tmp/MD5E-s23845780--e83517210006eae00fe8a8fb0e4cd615.nii.gz: hPutBuf: permission denied (Disk quota exceeded)
download failed: .git/annex/tmp/MD5E-s24043484--e7d7a30fb0a244d32b2d29f6c6872700.nii.gz: hPutBuf: permission denied (Disk quota exceeded)
download failed: .git/annex/tmp/MD5E-s6585782--b1aee6b858b8251f4bb4de6ad4526d98.nii.gz: openBinaryFile: permission denied (Disk quota exceeded)
download failed: .git/annex/tmp/MD5E-s23845780--e83517210006eae00fe8a8fb0e4cd615.nii.gz: hClose: permission denied (Disk quota exceeded)
download failed: .git/annex/tmp/MD5E-s24408834--07804ec63e8610098f487e2b460e51c3.nii.gz: hPutBuf: permission denied (Disk quota exceeded)
download failed: .git/annex/tmp/MD5E-s23845780--e83517210006eae00fe8a8fb0e4cd615.nii.gz: hClose: permission denied (Disk quota exceeded)
download failed: .git/annex/tmp/MD5E-s24315589--3dc79fa2a549a5b61537c395091cf061.nii.gz: openBinaryFile: permission denied (Disk quota exceeded)
download failed: .git/a... 
[ERROR] git-annex: .git/annex/objects/vw: createDirectory: permission denied (Disk quota exceeded) [get(/home/nlo/scripts/abide-pydra/download/RawDataBIDS/Caltech/sub-0051484/anat/sub-0051484_T1w.nii.gz)] 
[ERROR] git-annex: .git/annex/objects/Mk: createDirectory: permission denied (Disk quota exceeded) [get(/home/nlo/scripts/abide-pydra/download/RawDataBIDS/Caltech/sub-0051485/anat/sub-0051485_T1w.nii.gz)] 
[ERROR] verification of content failed [get(/home/nlo/scripts/abide-pydra/download/RawDataBIDS/Caltech/sub-0051483/func/sub-0051483_task-rest_run-1_bold.nii.gz)] 
[ERROR] verification of content failed [get(/home/nlo/scripts/abide-pydra/download/RawDataBIDS/Caltech/sub-0051484/func/sub-0051484_task-rest_run-1_bold.nii.gz)] 
[ERROR] verification of content failed [get(/home/nlo/scripts/abide-pydra/download/RawDataBIDS/Caltech/sub-0051485/func/sub-0051485_task-rest_run-1_bold.nii.gz)] 
[ERROR] verification of content failed [get(/home/nlo/scripts/abide-pydra/download/RawDataBIDS/Caltech/sub-0051486/anat/sub-0051486_T1w.nii.gz)] 
[ERROR] verification of content failed [get(/home/nlo/scripts/abide-pydra/download/RawDataBIDS/Caltech/sub-0051488/func/sub-0051488_task-rest_run-1_bold.nii.gz)] 
[ERROR] verification of content failed [get(/home/nlo/scripts/abide-pydra/download/RawDataBIDS/Caltech/sub-0051490/anat/sub-0051490_T1w.nii.gz)] 
[ERROR] verification of content failed [get(/home/nlo/scripts/abide-pydra/download/RawDataBIDS/Caltech/sub-0051487/func/sub-0051487_task-rest_run-1_bold.nii.gz)] 
[ERROR] verification of content failed [get(/home/nlo/scripts/abide-pydra/download/RawDataBIDS/Caltech/sub-0051489/func/sub-0051489_task-rest_run-1_bold.nii.gz)] 
[ERROR] verification of content failed [get(/home/nlo/scripts/abide-pydra/download/RawDataBIDS/Caltech/sub-0051491/anat/sub-0051491_T1w.nii.gz)] 
[ERROR] verification of content failed [get(/home/nlo/scripts/abide-pydra/download/RawDataBIDS/Caltech/sub-0051492/anat/sub-0051492_T1w.nii.gz)] 
[ERROR] verification of content failed [get(/home/nlo/scripts/abide-pydra/download/RawDataBIDS/Caltech/sub-0051490/func/sub-0051490_task-rest_run-1_bold.nii.gz)] 
[ERROR] verification of content failed [get(/home/nlo/scripts/abide-pydra/download/RawDataBIDS/Caltech/sub-0051491/func/sub-0051491_task-rest_run-1_bold.nii.gz)] 
[ERROR] verification of content failed [get(/home/nlo/scripts/abide-pydra/download/RawDataBIDS/Caltech/sub-0051489/anat/sub-0051489_T1w.nii.gz)] 
[ERROR] verification of content failed [get(/home/nlo/scripts/abide-pydra/download/RawDataBIDS/Caltech/sub-0051486/func/sub-0051486_task-rest_run-1_bold.nii.gz)] 
[ERROR] verification of content failed [get(/home/nlo/scripts/abide-pydra/download/RawDataBIDS/Caltech/sub-0051493/func/sub-0051493_task-rest_run-1_bold.nii.gz)] 
[ERROR] verification of content failed [get(/home/nlo/scripts/abide-pydra/download/RawDataBIDS/Caltech/sub-0051492/func/sub-0051492_task-rest_run-1_bold.nii.gz)] 
[WARNING] Running get resulted in stderr output: download failed: .git/annex/tmp/MD5E-s4507317--9083085e2df28abe7ba631e206f64a02.nii.gz: hClose: permission denied (Disk quota exceeded)
download failed: .git/annex/tmp/MD5E-s62485754--484611b45648a5a48f1ab5cfa3d0fa3d.nii.gz: hPutBuf: permission denied (Disk quota exceeded)
download failed: .git/annex/tmp/MD5E-s63036182--842a3faf3076239afdaf1cdd66f96dc3.nii.gz: openBinaryFile: permission denied (Disk quota exceeded)
download failed: .git/annex/tmp/MD5E-s4670870--740b87e638fd1bbce645013763ce5e2b.nii.gz: hPutBuf: permission denied (Disk quota exceeded)
download failed: .git/annex/tmp/MD5E-s65327652--3b27a5f60e16bd74ab5e449cb1d27d2a.nii.gz: hPutBuf: permission denied (Disk quota exceeded)
download failed: ResourceCleanupException {rceOriginalException = Just .git/annex/tmp/MD5E-s62485754--484611b45648a5a48f1ab5cfa3d0fa3d.nii.gz: hPutBuf: permission denied (Disk quota exceeded), rceFirstCleanupException = .git/annex/tmp/MD5E-s62485754--484611b45648a5a48f1ab5cfa3d0fa3d.nii.gz: hClose: permis... 
[ERROR] git-annex: .git/annex/objects/qp: createDirectory: permission denied (Disk quota exceeded) [get(/home/nlo/scripts/abide-pydra/download/RawDataBIDS/KKI/sub-0050772/anat/sub-0050772_T1w.nii.gz)] 
[ERROR] verification of content failed [get(/home/nlo/scripts/abide-pydra/download/RawDataBIDS/KKI/sub-0050773/anat/sub-0050773_T1w.nii.gz)] 
[ERROR] verification of content failed [get(/home/nlo/scripts/abide-pydra/download/RawDataBIDS/KKI/sub-0050774/anat/sub-0050774_T1w.nii.gz)] 
[ERROR] verification of content failed [get(/home/nlo/scripts/abide-pydra/download/RawDataBIDS/KKI/sub-0050775/anat/sub-0050775_T1w.nii.gz)] 
[ERROR] verification of content failed [get(/home/nlo/scripts/abide-pydra/download/RawDataBIDS/KKI/sub-0050772/func/sub-0050772_task-rest_run-1_bold.nii.gz)] 
[ERROR] git-annex: .git/annex/transfer/failed: createDirectory: permission denied (Disk quota exceeded) [get(/home/nlo/scripts/abide-pydra/download/RawDataBIDS/KKI/sub-0050775/func/sub-0050775_task-rest_run-1_bold.nii.gz)] 
[ERROR] verification of content failed [get(/home/nlo/scripts/abide-pydra/download/RawDataBIDS/KKI/sub-0050774/func/sub-0050774_task-rest_run-1_bold.nii.gz)] 
[ERROR] git-annex: .git/annex/transfer/failed: createDirectory: permission denied (Disk quota exceeded) [get(/home/nlo/scripts/abide-pydra/download/RawDataBIDS/KKI/sub-0050776/anat/sub-0050776_T1w.nii.gz)] 
[ERROR] verification of content failed [get(/home/nlo/scripts/abide-pydra/download/RawDataBIDS/KKI/sub-0050773/func/sub-0050773_task-rest_run-1_bold.nii.gz)] 
[ERROR] git-annex: .git/annex/transfer/failed: createDirectory: permission denied (Disk quota exceeded) [get(/home/nlo/scripts/abide-pydra/download/RawDataBIDS/KKI/sub-0050777/anat/sub-0050777_T1w.nii.gz)] 
[ERROR] verification of content failed [get(/home/nlo/scripts/abide-pydra/download/RawDataBIDS/KKI/sub-0050776/func/sub-0050776_task-rest_run-1_bold.nii.gz)] 
[ERROR] verification of content failed [get(/home/nlo/scripts/abide-pydra/download/RawDataBIDS/KKI/sub-0050778/anat/sub-0050778_T1w.nii.gz)] 
[ERROR] git-annex: .git/annex/transfer/failed: createDirectory: permission denied (Disk quota exceeded) [get(/home/nlo/scripts/abide-pydra/download/RawDataBIDS/KKI/sub-0050779/anat/sub-0050779_T1w.nii.gz)] 
[ERROR] verification of content failed [get(/home/nlo/scripts/abide-pydra/download/RawDataBIDS/KKI/sub-0050778/func/sub-0050778_task-rest_run-1_bold.nii.gz)] 
[ERROR] git-annex: .git/annex/transfer/failed: createDirectory: permission denied (Disk quota exceeded) [get(/home/nlo/scripts/abide-pydra/download/RawDataBIDS/KKI/sub-0050779/func/sub-0050779_task-rest_run-1_bold.nii.gz)] 
[ERROR] git-annex: .git/annex/transfer/failed: createDirectory: permission denied (Disk quota exceeded) [get(/home/nlo/scripts/abide-pydra/download/RawDataBIDS/KKI/sub-0050777/func/sub-0050777_task-rest_run-1_bold.nii.gz)] 
[ERROR] git-annex: .git/annex/transfer/failed: createDirectory: permission denied (Disk quota exceeded) [get(/home/nlo/scripts/abide-pydra/download/RawDataBIDS/KKI/sub-0050780/anat/sub-0050780_T1w.nii.gz)] 
[ERROR] git-annex: .git/annex/transfer/failed: createDirectory: permission denied (Disk quota exceeded) [get(/home/nlo/scripts/abide-pydra/download/RawDataBIDS/KKI/sub-0050780/func/sub-0050780_task-rest_run-1_bold.nii.gz)] 
[ERROR] git-annex: .git/annex/transfer/failed: createDirectory: permission denied (Disk quota exceeded) [get(/home/nlo/scripts/abide-pydra/download/RawDataBIDS/KKI/sub-0050781/anat/sub-0050781_T1w.nii.gz)] 
[ERROR] git-annex: .git/annex/transfer/failed: createDirectory: permission denied (Disk quota exceeded) [get(/home/nlo/scripts/abide-pydra/download/RawDataBIDS/KKI/sub-0050781/func/sub-0050781_task-rest_run-1_bold.nii.gz)] 
[ERROR] git-annex: .git/annex/transfer/failed: createDirectory: permission denied (Disk quota exceeded) [get(/home/nlo/scripts/abide-pydra/download/RawDataBIDS/KKI/sub-0050782/anat/sub-0050782_T1w.nii.gz)] 
[ERROR] git-annex: .git/annex/transfer/failed: createDirectory: permission denied (Disk quota exceeded) [get(/home/nlo/scripts/abide-pydra/download/RawDataBIDS/KKI/sub-0050782/func/sub-0050782_task-rest_run-1_bold.nii.gz)] 
[ERROR] git-annex: .git/annex/transfer/failed: createDirectory: permission denied (Disk quota exceeded) [get(/home/nlo/scripts/abide-pydra/download/RawDataBIDS/KKI/sub-0050783/anat/sub-0050783_T1w.nii.gz)] 
[ERROR] git-annex: .git/annex/transfer/failed: createDirectory: permission denied (Disk quota exceeded) [get(/home/nlo/scripts/abide-pydra/download/RawDataBIDS/KKI/sub-0050783/func/sub-0050783_task-rest_run-1_bold.nii.gz)] 
[ERROR] git-annex: .git/annex/transfer/failed: createDirectory: permission denied (Disk quota exceeded) [get(/home/nlo/scripts/abide-pydra/download/RawDataBIDS/KKI/sub-0050784/anat/sub-0050784_T1w.nii.gz)] 
[ERROR] git-annex: .git/annex/transfer/failed: createDirectory: permission denied (Disk quota exceeded) [get(/home/nlo/scripts/abide-pydra/download/RawDataBIDS/KKI/sub-0050784/func/sub-0050784_task-rest_run-1_bold.nii.gz)] 
[ERROR] git-annex: .git/annex/transfer/failed: createDirectory: permission denied (Disk quota exceeded) [get(/home/nlo/scripts/abide-pydra/download/RawDataBIDS/KKI/sub-0050785/anat/sub-0050785_T1w.nii.gz)] 
[ERROR] git-annex: .git/annex/transfer/failed: createDirectory: permission denied (Disk quota exceeded) [get(/home/nlo/scripts/abide-pydra/download/RawDataBIDS/KKI/sub-0050785/func/sub-0050785_task-rest_run-1_bold.nii.gz)] 
[ERROR] git-annex: .git/annex/transfer/failed: createDirectory: permission denied (Disk quota exceeded) [get(/home/nlo/scripts/abide-pydra/download/RawDataBIDS/KKI/sub-0050786/anat/sub-0050786_T1w.nii.gz)] 
[ERROR] git-annex: .git/annex/transfer/failed: createDirectory: permission denied (Disk quota exceeded) [get(/home/nlo/scripts/abide-pydra/download/RawDataBIDS/KKI/sub-0050786/func/sub-0050786_task-rest_run-1_bold.nii.gz)] 
[ERROR] git-annex: .git/annex/transfer/failed: createDirectory: permission denied (Disk quota exceeded) [get(/home/nlo/scripts/abide-pydra/download/RawDataBIDS/KKI/sub-0050787/anat/sub-0050787_T1w.nii.gz)] 
[ERROR] git-annex: .git/annex/transfer/failed: createDirectory: permission denied (Disk quota exceeded) [get(/home/nlo/scripts/abide-pydra/download/RawDataBIDS/KKI/sub-0050787/func/sub-0050787_task-rest_run-1_bold.nii.gz)] 
[ERROR] git-annex: .git/annex/transfer/failed: createDirectory: permission denied (Disk quota exceeded) [get(/home/nlo/scripts/abide-pydra/download/RawDataBIDS/KKI/sub-0050788/anat/sub-0050788_T1w.nii.gz)] 
[ERROR] git-annex: .git/annex/transfer/failed: createDirectory: permission denied (Disk quota exceeded) [get(/home/nlo/scripts/abide-pydra/download/RawDataBIDS/KKI/sub-0050788/func/sub-0050788_task-rest_run-1_bold.nii.gz)] 
[ERROR] git-annex: .git/annex/transfer/failed: createDirectory: permission denied (Disk quota exceeded) [get(/home/nlo/scripts/abide-pydra/download/RawDataBIDS/KKI/sub-0050789/anat/sub-0050789_T1w.nii.gz)] 
[ERROR] git-annex: .git/annex/transfer/failed: createDirectory: permission denied (Disk quota exceeded) [get(/home/nlo/scripts/abide-pydra/download/RawDataBIDS/KKI/sub-0050789/func/sub-0050789_task-rest_run-1_bold.nii.gz)] 
[ERROR] git-annex: .git/annex/transfer/failed: createDirectory: permission denied (Disk quota exceeded) [get(/home/nlo/scripts/abide-pydra/download/RawDataBIDS/KKI/sub-0050790/anat/sub-0050790_T1w.nii.gz)] 
[ERROR] git-annex: .git/annex/transfer/failed: createDirectory: permission denied (Disk quota exceeded) [get(/home/nlo/scripts/abide-pydra/download/RawDataBIDS/KKI/sub-0050790/func/sub-0050790_task-rest_run-1_bold.nii.gz)] 
[ERROR] git-annex: .git/annex/transfer/failed: createDirectory: permission denied (Disk quota exceeded) [get(/home/nlo/scripts/abide-pydra/download/RawDataBIDS/KKI/sub-0050792/anat/sub-0050792_T1w.nii.gz)] 
[ERROR] git-annex: .git/annex/transfer/failed: createDirectory: permission denied (Disk quota exceeded) [get(/home/nlo/scripts/abide-pydra/download/RawDataBIDS/KKI/sub-0050791/anat/sub-0050791_T1w.nii.gz)] 
[ERROR] git-annex: .git/annex/transfer/failed: createDirectory: permission denied (Disk quota exceeded) [get(/home/nlo/scripts/abide-pydra/download/RawDataBIDS/KKI/sub-0050791/func/sub-0050791_task-rest_run-1_bold.nii.gz)] 
[ERROR] git-annex: .git/annex/transfer/failed: createDirectory: permission denied (Disk quota exceeded) [get(/home/nlo/scripts/abide-pydra/download/RawDataBIDS/KKI/sub-0050792/func/sub-0050792_task-rest_run-1_bold.nii.gz)] 
[ERROR] git-annex: .git/annex/transfer/failed: createDirectory: permission denied (Disk quota exceeded) [get(/home/nlo/scripts/abide-pydra/download/RawDataBIDS/KKI/sub-0050793/anat/sub-0050793_T1w.nii.gz)] 
[ERROR] git-annex: .git/annex/transfer/failed: createDirectory: permission denied (Disk quota exceeded) [get(/home/nlo/scripts/abide-pydra/download/RawDataBIDS/KKI/sub-0050793/func/sub-0050793_task-rest_run-1_bold.nii.gz)] 
[ERROR] git-annex: .git/annex/transfer/failed: createDirectory: permission denied (Disk quota exceeded) [get(/home/nlo/scripts/abide-pydra/download/RawDataBIDS/KKI/sub-0050794/anat/sub-0050794_T1w.nii.gz)] 
[ERROR] git-annex: .git/annex/transfer/failed: createDirectory: permission denied (Disk quota exceeded) [get(/home/nlo/scripts/abide-pydra/download/RawDataBIDS/KKI/sub-0050794/func/sub-0050794_task-rest_run-1_bold.nii.gz)] 
[ERROR] git-annex: .git/annex/transfer/failed: createDirectory: permission denied (Disk quota exceeded) [get(/home/nlo/scripts/abide-pydra/download/RawDataBIDS/KKI/sub-0050795/anat/sub-0050795_T1w.nii.gz)] 
[ERROR] git-annex: .git/annex/transfer/failed: createDirectory: permission denied (Disk quota exceeded) [get(/home/nlo/scripts/abide-pydra/download/RawDataBIDS/KKI/sub-0050796/anat/sub-0050796_T1w.nii.gz)] 
[ERROR] git-annex: .git/annex/transfer/failed: createDirectory: permission denied (Disk quota exceeded) [get(/home/nlo/scripts/abide-pydra/download/RawDataBIDS/KKI/sub-0050795/func/sub-0050795_task-rest_run-1_bold.nii.gz)] 
[ERROR] git-annex: .git/annex/transfer/failed: createDirectory: permission denied (Disk quota exceeded) [get(/home/nlo/scripts/abide-pydra/download/RawDataBIDS/KKI/sub-0050796/func/sub-0050796_task-rest_run-1_bold.nii.gz)] 
[ERROR] git-annex: .git/annex/transfer/failed: createDirectory: permission denied (Disk quota exceeded) [get(/home/nlo/scripts/abide-pydra/download/RawDataBIDS/KKI/sub-0050797/anat/sub-0050797_T1w.nii.gz)] 
[ERROR] git-annex: .git/annex/transfer/failed: createDirectory: permission denied (Disk quota exceeded) [get(/home/nlo/scripts/abide-pydra/download/RawDataBIDS/KKI/sub-0050797/func/sub-0050797_task-rest_run-1_bold.nii.gz)] 
[ERROR] git-annex: .git/annex/transfer/failed: createDirectory: permission denied (Disk quota exceeded) [get(/home/nlo/scripts/abide-pydra/download/RawDataBIDS/KKI/sub-0050798/anat/sub-0050798_T1w.nii.gz)] 
[ERROR] git-annex: .git/annex/transfer/failed: createDirectory: permission denied (Disk quota exceeded) [get(/home/nlo/scripts/abide-pydra/download/RawDataBIDS/KKI/sub-0050798/func/sub-0050798_task-rest_run-1_bold.nii.gz)] 
[ERROR] git-annex: .git/annex/transfer/failed: createDirectory: permission denied (Disk quota exceeded) [get(/home/nlo/scripts/abide-pydra/download/RawDataBIDS/KKI/sub-0050799/anat/sub-0050799_T1w.nii.gz)] 
[ERROR] git-annex: .git/annex/transfer/failed: createDirectory: permission denied (Disk quota exceeded) [get(/home/nlo/scripts/abide-pydra/download/RawDataBIDS/KKI/sub-0050800/anat/sub-0050800_T1w.nii.gz)] 
[ERROR] git-annex: .git/annex/transfer/failed: createDirectory: permission denied (Disk quota exceeded) [get(/home/nlo/scripts/abide-pydra/download/RawDataBIDS/KKI/sub-0050799/func/sub-0050799_task-rest_run-1_bold.nii.gz)] 
[ERROR] git-annex: .git/annex/transfer/failed: createDirectory: permission denied (Disk quota exceeded) [get(/home/nlo/scripts/abide-pydra/download/RawDataBIDS/KKI/sub-0050800/func/sub-0050800_task-rest_run-1_bold.nii.gz)] 
[ERROR] git-annex: .git/annex/transfer/failed: createDirectory: permission denied (Disk quota exceeded) [get(/home/nlo/scripts/abide-pydra/download/RawDataBIDS/KKI/sub-0050801/anat/sub-0050801_T1w.nii.gz)] 
[ERROR] git-annex: .git/annex/transfer/failed: createDirectory: permission denied (Disk quota exceeded) [get(/home/nlo/scripts/abide-pydra/download/RawDataBIDS/KKI/sub-0050801/func/sub-0050801_task-rest_run-1_bold.nii.gz)] 
[ERROR] git-annex: .git/annex/transfer/failed: createDirectory: permission denied (Disk quota exceeded) [get(/home/nlo/scripts/abide-pydra/download/RawDataBIDS/KKI/sub-0050802/anat/sub-0050802_T1w.nii.gz)] 
[ERROR] git-annex: .git/annex/transfer/failed: createDirectory: permission denied (Disk quota exceeded) [get(/home/nlo/scripts/abide-pydra/download/RawDataBIDS/KKI/sub-0050802/func/sub-0050802_task-rest_run-1_bold.nii.gz)] 
[ERROR] git-annex: .git/annex/transfer/failed: createDirectory: permission denied (Disk quota exceeded) [get(/home/nlo/scripts/abide-pydra/download/RawDataBIDS/KKI/sub-0050803/anat/sub-0050803_T1w.nii.gz)] 
[ERROR] git-annex: .git/annex/transfer/failed: createDirectory: permission denied (Disk quota exceeded) [get(/home/nlo/scripts/abide-pydra/download/RawDataBIDS/KKI/sub-0050803/func/sub-0050803_task-rest_run-1_bold.nii.gz)] 
[ERROR] git-annex: .git/annex/transfer/failed: createDirectory: permission denied (Disk quota exceeded) [get(/home/nlo/scripts/abide-pydra/download/RawDataBIDS/KKI/sub-0050804/anat/sub-0050804_T1w.nii.gz)] 
[ERROR] git-annex: .git/annex/transfer/failed: createDirectory: permission denied (Disk quota exceeded) [get(/home/nlo/scripts/abide-pydra/download/RawDataBIDS/KKI/sub-0050804/func/sub-0050804_task-rest_run-1_bold.nii.gz)] 
[ERROR] git-annex: .git/annex/transfer/failed: createDirectory: permission denied (Disk quota exceeded) [get(/home/nlo/scripts/abide-pydra/download/RawDataBIDS/KKI/sub-0050805/anat/sub-0050805_T1w.nii.gz)] 
[ERROR] git-annex: .git/annex/transfer/failed: createDirectory: permission denied (Disk quota exceeded) [get(/home/nlo/scripts/abide-pydra/download/RawDataBIDS/KKI/sub-0050805/func/sub-0050805_task-rest_run-1_bold.nii.gz)] 
[ERROR] git-annex: .git/annex/transfer/failed: createDirectory: permission denied (Disk quota exceeded) [get(/home/nlo/scripts/abide-pydra/download/RawDataBIDS/KKI/sub-0050806/anat/sub-0050806_T1w.nii.gz)] 
[ERROR] git-annex: .git/annex/transfer/failed: createDirectory: permission denied (Disk quota exceeded) [get(/home/nlo/scripts/abide-pydra/download/RawDataBIDS/KKI/sub-0050806/func/sub-0050806_task-rest_run-1_bold.nii.gz)] 
[ERROR] git-annex: .git/annex/transfer/failed: createDirectory: permission denied (Disk quota exceeded) [get(/home/nlo/scripts/abide-pydra/download/RawDataBIDS/KKI/sub-0050807/anat/sub-0050807_T1w.nii.gz)] 
[ERROR] git-annex: .git/annex/transfer/failed: createDirectory: permission denied (Disk quota exceeded) [get(/home/nlo/scripts/abide-pydra/download/RawDataBIDS/KKI/sub-0050808/anat/sub-0050808_T1w.nii.gz)] 
[ERROR] git-annex: .git/annex/transfer/failed: createDirectory: permission denied (Disk quota exceeded) [get(/home/nlo/scripts/abide-pydra/download/RawDataBIDS/KKI/sub-0050807/func/sub-0050807_task-rest_run-1_bold.nii.gz)] 
[ERROR] git-annex: .git/annex/transfer/failed: createDirectory: permission denied (Disk quota exceeded) [get(/home/nlo/scripts/abide-pydra/download/RawDataBIDS/KKI/sub-0050808/func/sub-0050808_task-rest_run-1_bold.nii.gz)] 
[ERROR] git-annex: .git/annex/transfer/failed: createDirectory: permission denied (Disk quota exceeded) [get(/home/nlo/scripts/abide-pydra/download/RawDataBIDS/KKI/sub-0050809/anat/sub-0050809_T1w.nii.gz)] 
[ERROR] git-annex: .git/annex/transfer/failed: createDirectory: permission denied (Disk quota exceeded) [get(/home/nlo/scripts/abide-pydra/download/RawDataBIDS/KKI/sub-0050809/func/sub-0050809_task-rest_run-1_bold.nii.gz)] 
[ERROR] git-annex: .git/annex/transfer/failed: createDirectory: permission denied (Disk quota exceeded) [get(/home/nlo/scripts/abide-pydra/download/RawDataBIDS/KKI/sub-0050810/anat/sub-0050810_T1w.nii.gz)] 
[ERROR] git-annex: .git/annex/transfer/failed: createDirectory: permission denied (Disk quota exceeded) [get(/home/nlo/scripts/abide-pydra/download/RawDataBIDS/KKI/sub-0050810/func/sub-0050810_task-rest_run-1_bold.nii.gz)] 
[ERROR] git-annex: .git/annex/transfer/failed: createDirectory: permission denied (Disk quota exceeded) [get(/home/nlo/scripts/abide-pydra/download/RawDataBIDS/KKI/sub-0050811/anat/sub-0050811_T1w.nii.gz)] 
[ERROR] git-annex: .git/annex/transfer/failed: createDirectory: permission denied (Disk quota exceeded) [get(/home/nlo/scripts/abide-pydra/download/RawDataBIDS/KKI/sub-0050811/func/sub-0050811_task-rest_run-1_bold.nii.gz)] 
[ERROR] git-annex: .git/annex/transfer/failed: createDirectory: permission denied (Disk quota exceeded) [get(/home/nlo/scripts/abide-pydra/download/RawDataBIDS/KKI/sub-0050812/anat/sub-0050812_T1w.nii.gz)] 
[ERROR] git-annex: .git/annex/transfer/failed: createDirectory: permission denied (Disk quota exceeded) [get(/home/nlo/scripts/abide-pydra/download/RawDataBIDS/KKI/sub-0050812/func/sub-0050812_task-rest_run-1_bold.nii.gz)] 
[ERROR] git-annex: .git/annex/transfer/failed: createDirectory: permission denied (Disk quota exceeded) [get(/home/nlo/scripts/abide-pydra/download/RawDataBIDS/KKI/sub-0050813/anat/sub-0050813_T1w.nii.gz)] 
[ERROR] git-annex: .git/annex/transfer/failed: createDirectory: permission denied (Disk quota exceeded) [get(/home/nlo/scripts/abide-pydra/download/RawDataBIDS/KKI/sub-0050813/func/sub-0050813_task-rest_run-1_bold.nii.gz)] 
[ERROR] git-annex: .git/annex/transfer/failed: createDirectory: permission denied (Disk quota exceeded) [get(/home/nlo/scripts/abide-pydra/download/RawDataBIDS/KKI/sub-0050814/anat/sub-0050814_T1w.nii.gz)] 
[ERROR] git-annex: .git/annex/transfer/failed: createDirectory: permission denied (Disk quota exceeded) [get(/home/nlo/scripts/abide-pydra/download/RawDataBIDS/KKI/sub-0050814/func/sub-0050814_task-rest_run-1_bold.nii.gz)] 
[ERROR] git-annex: .git/annex/transfer/failed: createDirectory: permission denied (Disk quota exceeded) [get(/home/nlo/scripts/abide-pydra/download/RawDataBIDS/KKI/sub-0050815/anat/sub-0050815_T1w.nii.gz)] 
[ERROR] git-annex: .git/annex/transfer/failed: createDirectory: permission denied (Disk quota exceeded) [get(/home/nlo/scripts/abide-pydra/download/RawDataBIDS/KKI/sub-0050815/func/sub-0050815_task-rest_run-1_bold.nii.gz)] 
[ERROR] git-annex: .git/annex/transfer/failed: createDirectory: permission denied (Disk quota exceeded) [get(/home/nlo/scripts/abide-pydra/download/RawDataBIDS/KKI/sub-0050816/anat/sub-0050816_T1w.nii.gz)] 
[ERROR] git-annex: .git/annex/transfer/failed: createDirectory: permission denied (Disk quota exceeded) [get(/home/nlo/scripts/abide-pydra/download/RawDataBIDS/KKI/sub-0050816/func/sub-0050816_task-rest_run-1_bold.nii.gz)] 
[ERROR] git-annex: .git/annex/transfer/failed: createDirectory: permission denied (Disk quota exceeded) [get(/home/nlo/scripts/abide-pydra/download/RawDataBIDS/KKI/sub-0050817/anat/sub-0050817_T1w.nii.gz)] 
[ERROR] git-annex: .git/annex/transfer/failed: createDirectory: permission denied (Disk quota exceeded) [get(/home/nlo/scripts/abide-pydra/download/RawDataBIDS/KKI/sub-0050818/anat/sub-0050818_T1w.nii.gz)] 
[ERROR] git-annex: .git/annex/transfer/failed: createDirectory: permission denied (Disk quota exceeded) [get(/home/nlo/scripts/abide-pydra/download/RawDataBIDS/KKI/sub-0050817/func/sub-0050817_task-rest_run-1_bold.nii.gz)] 
[ERROR] git-annex: .git/annex/transfer/failed: createDirectory: permission denied (Disk quota exceeded) [get(/home/nlo/scripts/abide-pydra/download/RawDataBIDS/KKI/sub-0050818/func/sub-0050818_task-rest_run-1_bold.nii.gz)] 
[ERROR] git-annex: .git/annex/transfer/failed: createDirectory: permission denied (Disk quota exceeded) [get(/home/nlo/scripts/abide-pydra/download/RawDataBIDS/KKI/sub-0050819/anat/sub-0050819_T1w.nii.gz)] 
[ERROR] git-annex: .git/annex/transfer/failed: createDirectory: permission denied (Disk quota exceeded) [get(/home/nlo/scripts/abide-pydra/download/RawDataBIDS/KKI/sub-0050819/func/sub-0050819_task-rest_run-1_bold.nii.gz)] 
[ERROR] git-annex: .git/annex/transfer/failed: createDirectory: permission denied (Disk quota exceeded) [get(/home/nlo/scripts/abide-pydra/download/RawDataBIDS/KKI/sub-0050820/anat/sub-0050820_T1w.nii.gz)] 
[ERROR] git-annex: .git/annex/transfer/failed: createDirectory: permission denied (Disk quota exceeded) [get(/home/nlo/scripts/abide-pydra/download/RawDataBIDS/KKI/sub-0050820/func/sub-0050820_task-rest_run-1_bold.nii.gz)] 
[ERROR] git-annex: .git/annex/transfer/failed: createDirectory: permission denied (Disk quota exceeded) [get(/home/nlo/scripts/abide-pydra/download/RawDataBIDS/KKI/sub-0050821/anat/sub-0050821_T1w.nii.gz)] 
[ERROR] git-annex: .git/annex/transfer/failed: createDirectory: permission denied (Disk quota exceeded) [get(/home/nlo/scripts/abide-pydra/download/RawDataBIDS/KKI/sub-0050821/func/sub-0050821_task-rest_run-1_bold.nii.gz)] 
[ERROR] git-annex: .git/annex/transfer/failed: createDirectory: permission denied (Disk quota exceeded) [get(/home/nlo/scripts/abide-pydra/download/RawDataBIDS/KKI/sub-0050822/anat/sub-0050822_T1w.nii.gz)] 
[ERROR] git-annex: .git/annex/transfer/failed: createDirectory: permission denied (Disk quota exceeded) [get(/home/nlo/scripts/abide-pydra/download/RawDataBIDS/KKI/sub-0050822/func/sub-0050822_task-rest_run-1_bold.nii.gz)] 
[ERROR] git-annex: .git/annex/transfer/failed: createDirectory: permission denied (Disk quota exceeded) [get(/home/nlo/scripts/abide-pydra/download/RawDataBIDS/KKI/sub-0050823/anat/sub-0050823_T1w.nii.gz)] 
[ERROR] git-annex: .git/annex/transfer/failed: createDirectory: permission denied (Disk quota exceeded) [get(/home/nlo/scripts/abide-pydra/download/RawDataBIDS/KKI/sub-0050823/func/sub-0050823_task-rest_run-1_bold.nii.gz)] 
[ERROR] git-annex: .git/annex/transfer/failed: createDirectory: permission denied (Disk quota exceeded) [get(/home/nlo/scripts/abide-pydra/download/RawDataBIDS/KKI/sub-0050824/anat/sub-0050824_T1w.nii.gz)] 
[ERROR] git-annex: .git/annex/transfer/failed: createDirectory: permission denied (Disk quota exceeded) [get(/home/nlo/scripts/abide-pydra/download/RawDataBIDS/KKI/sub-0050824/func/sub-0050824_task-rest_run-1_bold.nii.gz)] 
[ERROR] git-annex: .git/annex/transfer/failed: createDirectory: permission denied (Disk quota exceeded) [get(/home/nlo/scripts/abide-pydra/download/RawDataBIDS/KKI/sub-0050825/anat/sub-0050825_T1w.nii.gz)] 
[ERROR] git-annex: .git/annex/transfer/failed: createDirectory: permission denied (Disk quota exceeded) [get(/home/nlo/scripts/abide-pydra/download/RawDataBIDS/KKI/sub-0050826/anat/sub-0050826_T1w.nii.gz)] 
[ERROR] git-annex: .git/annex/transfer/failed: createDirectory: permission denied (Disk quota exceeded) [get(/home/nlo/scripts/abide-pydra/download/RawDataBIDS/KKI/sub-0050825/func/sub-0050825_task-rest_run-1_bold.nii.gz)] 
[ERROR] git-annex: .git/annex/transfer/failed: createDirectory: permission denied (Disk quota exceeded) [get(/home/nlo/scripts/abide-pydra/download/RawDataBIDS/KKI/task-rest_bold.json)] 
[ERROR] git-annex: .git/annex/transfer/failed: createDirectory: permission denied (Disk quota exceeded) [get(/home/nlo/scripts/abide-pydra/download/RawDataBIDS/KKI/sub-0050826/func/sub-0050826_task-rest_run-1_bold.nii.gz)] 
[WARNING] Running get resulted in stderr output: download failed: .git/annex/tmp/MD5E-s5873726--a67c470c                                                                                                                                                                                                                                                                                                                                                                                                                                                                                                                                                                                                                                                                                                                                                                                                                                                                                                                                                                                                                                                                                                                                                                                                                                                                                                                                                                                                                                                                                                                                                                                                                                                                                                                                                                                                                                                                                                                                                                                                                                                                                                                                                                                                                                                                                                                                                                                                                                                                                                                                                                                                                                                                                                                                                                                                                                                                                                                                                                                                                                                                                                                                                                                                                                                                                                                                                                                                                                                                                                                                                                                                                                                                                                                                                                                                                                                                                                                                                                                                                                                                                                                                                                                                                                                                                                                                                                                                                                                                                                                                                                                                                                                                                                                                                                                                                                                                                                                                                                                                                                                                                                                                                                                                                                                                                                                                                                                                                                                                                                                                                                                                                                                                                                                                                                                                                                                                                                                                                                                                                                                                                                                                                                                                                                                                                                                                                                                                                                                                                                                                                                                                                                                                                                                                                                                                                                                                                                                                                                                                                                                                                                                                                                                                                                                                                                                                                                                                                                                                                                                                                                                                                                                                                                                                                                                                                                                                                                                                                                                                                                                                                                                                                                                                                                                                                                                                                                                                                                                                                                                                                                                                                                                                                                                                                                                                                                                                                                                                                                                                                                                                                                                                                                                                                                                                                                                                                                                                                                                                                                                                                                                                                                                                                                                                                                                                                                                                                                                                                                                                                                                                                                                                                                                                                                                                                                                                                                                                                                                                                                                                                                                                                                                                                                                                                                                                                                                                                                                                                                                                                                                                                                                                                                                                                                                                                                                                                                                                                                                                                                                                                                                                                                                                                                                                                                                                                                                                                                                                                                                                                                                                                                                                                                                                                                                                                                                                                                                                                                                                                                                                                                                                                                                                                                                                                                                                                                                                                                                                                                                                                                                                                                                                                                                                                                                                                                                                                                                                                                                                                                                                                                                                                                                                                                                                                                                                                                                                                                                                                                                                                                                                                                                                                                                                                                                                                                                                                                                                                                                                                                                                                                                                                                                                                                                                                                                                                                                                                                                                                                                                                                                                                                                                                                                                                                                                                                                                                                                                                                                                                                                                                                                                                                                                                                                                                                                                                                                                                                                                                                                                                                                                                                                                                                                                                                                                                                                                                                                                                                                                                                                                                                                                                                                                                                                                                                                                                                                                                                                                                                                                                                                                                                                                                                                                                                                                                                                                                                                                                                                                                                                                                                                                                                                                                                                                                                                                                                                                                                                                                                                                                                                                                                                                                                                                                                                                                                                                                                                                                                                                                                                                                                                                                                                                                                                                                                                                                                                                                                                                                                                                                                                                                                                                                                                                                                                                                                                                                                                                                                                                                                                                                                                                                                                                                                                                                                                                                                                                                                                                                                                                                                                                                                                                                                                                                                                                                                                                                                                                                                                                                                                                                                                                                                                                                                                                                                                                                                                                                                                                                                                                                                                                                                                                                                                                                                                                                                                                                                                                                                                                                                                                                                                                                                                                                                                                                                                                                                                                                                                                                                                                                                                                                                                                                                                                                                                                                                                                                                                                                                                                                                                                                                                                                                                                                                                                                                                                                                                                                                                                                                                                                                                                                                                                                                                                                                                                                                                                                                                                                                                                                                                                                                                                                                                                                                                                                                                                                                                                                                                                                                                                                                                                                                                                                                                                                                                                                                                                                                                                                                                                                                                                                                                                                                                                                                                                                                                                                                                                                                                                                                                                                                                                                                                                                                                                                                                                                                                                                                                                                                                                                                                                                                                                                                                                                                                                                                                                                                                                                                                                                                                                                                                                                                                                                                                                                                                                                                                                                                                                                                                                                                                                                                                                                                                                                                                                                                                                                                                                                                                                                                                                                                                                                                                                                                                                                                                                                                                                                                                                                                                                                                                                                                                                                                                                                                                                                                                                                                                                                                                                                                                                                                                                                                                                                                                                                                                                                                                                                                                                                                                                                                                                                                                                                                                                                                                                                                                                                                                                                                                                                                                                                                                                                                                                                                                                                                                                                                                                                                                                                                                                                                                                                                                                                                                                                                                                                                                                                                                                                                                                                                                                                                                                                                                                                                                                                                                                                                                                                                                                                                                                                                                                                                                                                                                                                                                                                                                                                                                                                                                                                                                                                                                                                                                                                                                                                                                                                                                                                                                                                                                                                                                                                                                                                                                                                                                                                                                                                                                                                                                                                                                                                                                                                                                                                                                                                                                                                                                                                                                                                                                                                                                                                                                                                                                                                                                                                                                                                                                                                                                                                                                                                                                                                                                                                                                                                                                                                                                                                                                                                                                                                                                                                                                                                                                                                                                                                                                                                                                                                                                                                                                                                                                                                                                                                                                                                                                                                                                                                                                                                                                                                                                                                                                                                                                                                                                                                                                                                                                                                                                                                                                                                                                                                                                                                                                                                                                                                                                                                                                                                                                                                                                                                                                                                                                                                                                                                                                                                                                                                                                                                                                                                                                                                                                                                                                                                                                                                                                                                                                                                                                                                                                                                                                                                                                                                                                                                                                                                                                                                                                                                                                                                                                                                                                                                                                                                                                                                                                                                                                                                                                                                                                                                                                                                                                                                                                                                                                                                                                                                                                                                                                                                                                                                                                                                                                                                                                                                                                                                                                                                                                                                                                                                                                                                                                    [WARNING] Running get resulted in stderr output: git-annex: get: 15 failed
 
[ERROR] git-annex: .git/annex/tmp: createDirectory: permission denied (Disk quota exceeded) [get(/home/nlo/scripts/abide-pydra/download/RawDataBIDS/MaxMun_b/T1w.json)] 
[ERROR] git-annex: .git/annex/tmp: createDirectory: permission denied (Disk quota exceeded) [get(/home/nlo/scripts/abide-pydra/download/RawDataBIDS/MaxMun_b/sub-0051323/anat/sub-0051323_T1w.nii.gz)] 
[ERROR] git-annex: .git/annex/tmp: createDirectory: permission denied (Disk quota exceeded) [get(/home/nlo/scripts/abide-pydra/download/RawDataBIDS/MaxMun_b/sub-0051322/anat/sub-0051322_T1w.nii.gz)] 
[ERROR] git-annex: .git/annex/tmp: createDirectory: permission denied (Disk quota exceeded) [get(/home/nlo/scripts/abide-pydra/download/RawDataBIDS/MaxMun_b/sub-0051322/func/sub-0051322_task-rest_run-1_bold.nii.gz)] 
[ERROR] git-annex: .git/annex/tmp: createDirectory: permission denied (Disk quota exceeded) [get(/home/nlo/scripts/abide-pydra/download/RawDataBIDS/MaxMun_b/participants.tsv)] 
[ERROR] git-annex: .git/annex/tmp: createDirectory: permission denied (Disk quota exceeded) [get(/home/nlo/scripts/abide-pydra/download/RawDataBIDS/MaxMun_b/sub-0051323/func/sub-0051323_task-rest_run-1_bold.nii.gz)] 
[ERROR] git-annex: .git/annex/tmp: createDirectory: permission denied (Disk quota exceeded) [get(/home/nlo/scripts/abide-pydra/download/RawDataBIDS/MaxMun_b/sub-0051324/anat/sub-0051324_T1w.nii.gz)] 
[ERROR] git-annex: .git/annex/tmp: createDirectory: permission denied (Disk quota exceeded) [get(/home/nlo/scripts/abide-pydra/download/RawDataBIDS/MaxMun_b/sub-0051324/func/sub-0051324_task-rest_run-1_bold.nii.gz)] 
[ERROR] git-annex: .git/annex/tmp: createDirectory: permission denied (Disk quota exceeded) [get(/home/nlo/scripts/abide-pydra/download/RawDataBIDS/MaxMun_b/sub-0051325/anat/sub-0051325_T1w.nii.gz)] 
[ERROR] git-annex: .git/annex/tmp: createDirectory: permission denied (Disk quota exceeded) [get(/home/nlo/scripts/abide-pydra/download/RawDataBIDS/MaxMun_b/sub-0051325/func/sub-0051325_task-rest_run-1_bold.nii.gz)] 
[ERROR] git-annex: .git/annex/tmp: createDirectory: permission denied (Disk quota exceeded) [get(/home/nlo/scripts/abide-pydra/download/RawDataBIDS/MaxMun_b/sub-0051326/anat/sub-0051326_T1w.nii.gz)] 
[ERROR] git-annex: .git/annex/tmp: createDirectory: permission denied (Disk quota exceeded) [get(/home/nlo/scripts/abide-pydra/download/RawDataBIDS/MaxMun_b/sub-0051327/anat/sub-0051327_T1w.nii.gz)] 
[ERROR] git-annex: .git/annex/tmp: createDirectory: permission denied (Disk quota exceeded) [get(/home/nlo/scripts/abide-pydra/download/RawDataBIDS/MaxMun_b/sub-0051327/func/sub-0051327_task-rest_run-1_bold.nii.gz)] 
[ERROR] git-annex: .git/annex/tmp: createDirectory: permission denied (Disk quota exceeded) [get(/home/nlo/scripts/abide-pydra/download/RawDataBIDS/MaxMun_b/sub-0051326/func/sub-0051326_task-rest_run-1_bold.nii.gz)] 
[ERROR] git-annex: .git/annex/tmp: createDirectory: permission denied (Disk quota exceeded) [get(/home/nlo/scripts/abide-pydra/download/RawDataBIDS/MaxMun_b/task-rest_bold.json)] 
[WARNING] Running get resulted in stderr output: git-annex: get: 37 failed
 
[ERROR] git-annex: .git/annex/tmp: createDirectory: permission denied (Disk quota exceeded) [get(/home/nlo/scripts/abide-pydra/download/RawDataBIDS/MaxMun_c/T1w.json)] 
[ERROR] git-annex: .git/annex/tmp: createDirectory: permission denied (Disk quota exceeded) [get(/home/nlo/scripts/abide-pydra/download/RawDataBIDS/MaxMun_c/sub-0051328/anat/sub-0051328_T1w.nii.gz)] 
[ERROR] git-annex: .git/annex/tmp: createDirectory: permission denied (Disk quota exceeded) [get(/home/nlo/scripts/abide-pydra/download/RawDataBIDS/MaxMun_c/sub-0051328/func/sub-0051328_task-rest_run-1_bold.nii.gz)] 
[ERROR] git-annex: .git/annex/tmp: createDirectory: permission denied (Disk quota ex